<?xml version="1.0" encoding="UTF-8"?>
<testsuite name="com.packtpublishing.tddjava.ch02friendships.SelenideTest" tests="1" skipped="0" failures="0" errors="0" timestamp="2020-02-21T13:07:51" hostname="mikkita-TM1701" time="8.495">
  <properties/>
  <testcase name="wikipediaSearchFeature" classname="com.packtpublishing.tddjava.ch02friendships.SelenideTest" time="8.495"/>
  <system-out><![CDATA[]]></system-out>
  <system-err><![CDATA[февр. 21, 2020 4:07:51 PM com.codeborne.selenide.drivercommands.LazyDriver getAndCheckWebDriver
INFO: No webdriver is bound to current thread: 13 - let's create a new webdriver
SLF4J: Failed to load class "org.slf4j.impl.StaticLoggerBinder".
SLF4J: Defaulting to no-operation (NOP) logger implementation
SLF4J: See http://www.slf4j.org/codes.html#StaticLoggerBinder for further details.
февр. 21, 2020 4:07:57 PM org.openqa.selenium.remote.ProtocolHandshake createSession
INFO: Detected dialect: W3C
февр. 21, 2020 4:07:57 PM com.codeborne.selenide.webdriver.BrowserResizer adjustBrowserSize
INFO: Set browser size to 1366x768
февр. 21, 2020 4:07:57 PM com.codeborne.selenide.webdriver.WebDriverFactory logBrowserVersion
INFO: BrowserName=firefox Version=73.0 Platform=LINUX
февр. 21, 2020 4:07:57 PM com.codeborne.selenide.webdriver.WebDriverFactory createWebDriver
INFO: Selenide v. 5.2.1
февр. 21, 2020 4:07:57 PM com.codeborne.selenide.webdriver.WebDriverFactory logSeleniumInfo
INFO: Selenium WebDriver v. 3.141.59 build time: 2018-11-14T08:17:03
февр. 21, 2020 4:07:57 PM com.codeborne.selenide.drivercommands.CreateDriverCommand createDriver
INFO: Create webdriver in current thread 13: FirefoxDriver -> FirefoxDriver: firefox on LINUX (9f095468-46f9-4a28-b53c-d0c8b554c839)
]]></system-err>
</testsuite>
